<?xml version="1.0" encoding="UTF-8"?>
<!-- Generated by org.testng.reporters.JUnitReportReporter -->
<testsuite hostname="Sri-K-Chaitanya" name="com.Flipkart" tests="1" failures="0" timestamp="22 Oct 2015 07:01:11 GMT" time="24.135" errors="0">
  <testcase name="flipkart" time="24.135" classname="com.Flipkart"/>
</testsuite> <!-- com.Flipkart -->
