<?xml version="1.0" encoding="UTF-8"?>
<!-- Generated by org.testng.reporters.JUnitReportReporter -->
<testsuite hostname="Sri-K-Chaitanya" name="automationFramework.TestNGAnnotations" tests="2" failures="0" timestamp="25 Oct 2015 10:44:20 GMT" time="0.039" errors="0">
  <testcase name="testCase2" time="0.003" classname="automationFramework.TestNGAnnotations"/>
  <testcase name="testCase1" time="0.036" classname="automationFramework.TestNGAnnotations"/>
</testsuite> <!-- automationFramework.TestNGAnnotations -->
